<?xml version="1.0" encoding="UTF-8"?>
<!-- Generated by org.testng.reporters.JUnitXMLReporter -->
<testsuite hostname="DEVPC13" name="Test4" tests="10" failures="0" timestamp="26 Oct 2016 03:32:43 GMT" time="2.646" errors="0">
  <testcase name="@BeforeMethod initWebDriver" time="0.0" classname="online.accountEntry">
    <failure type="org.openqa.selenium.WebDriverException" message="java.lang.reflect.InvocationTargetException
Build info: version: &amp;apos;2.53.1&amp;apos;, revision: &amp;apos;a36b8b1cd5757287168e54b817830adce9b0158d&amp;apos;, time: &amp;apos;2016-06-30 19:26:09&amp;apos;
System info: host: &amp;apos;DEVPC13&amp;apos;, ip: &amp;apos;192.168.28.211&amp;apos;, os.name: &amp;apos;Windows 10&amp;apos;, os.arch: &amp;apos;amd64&amp;apos;, os.version: &amp;apos;10.0&amp;apos;, java.version: &amp;apos;1.8.0_77&amp;apos;
Driver info: driver.version: unknown">
      <![CDATA[org.openqa.selenium.WebDriverException: java.lang.reflect.InvocationTargetException
Build info: version: '2.53.1', revision: 'a36b8b1cd5757287168e54b817830adce9b0158d', time: '2016-06-30 19:26:09'
System info: host: 'DEVPC13', ip: '192.168.28.211', os.name: 'Windows 10', os.arch: 'amd64', os.version: '10.0', java.version: '1.8.0_77'
Driver info: driver.version: unknown
	at ru.stqa.selenium.factory.ReflectionBasedLocalDriverProvider.callConstructor(ReflectionBasedLocalDriverProvider.java:92)
	at ru.stqa.selenium.factory.ReflectionBasedLocalDriverProvider.createDriver(ReflectionBasedLocalDriverProvider.java:73)
	at ru.stqa.selenium.factory.AbstractWebDriverPool.createLocalDriver(AbstractWebDriverPool.java:93)
	at ru.stqa.selenium.factory.AbstractWebDriverPool.newDriver(AbstractWebDriverPool.java:87)
	at ru.stqa.selenium.factory.ThreadLocalSingleWebDriverPool.createNewDriver(ThreadLocalSingleWebDriverPool.java:98)
	at ru.stqa.selenium.factory.ThreadLocalSingleWebDriverPool.getDriver(ThreadLocalSingleWebDriverPool.java:44)
	at ru.stqa.selenium.TestNgTestBase.initWebDriver(TestNgTestBase.java:39)
	at ru.stqa.selenium.factory.ReflectionBasedLocalDriverProvider.callConstructor(ReflectionBasedLocalDriverProvider.java:82)
	... 35 more
Caused by: org.openqa.selenium.SessionNotCreatedException: session not created exception
from unknown error: Runtime.executionContextCreated has invalid 'context': {"auxData":{"frameId":"5772.1","isDefault":true},"id":1,"name":"","origin":"://"}
  (Session info: chrome=54.0.2840.71)
  (Driver info: chromedriver=2.22.397933 (1cab651507b88dec79b2b2a22d1943c01833cc1b),platform=Windows NT 10.0.10586 x86_64) (WARNING: The server did not provide any stacktrace information)
Command duration or timeout: 1.89 seconds
Build info: version: '2.53.1', revision: 'a36b8b1cd5757287168e54b817830adce9b0158d', time: '2016-06-30 19:26:09'
System info: host: 'DEVPC13', ip: '192.168.28.211', os.name: 'Windows 10', os.arch: 'amd64', os.version: '10.0', java.version: '1.8.0_77'
Driver info: org.openqa.selenium.chrome.ChromeDriver
	at org.openqa.selenium.remote.ErrorHandler.createThrowable(ErrorHandler.java:206)
	at org.openqa.selenium.remote.ErrorHandler.throwIfResponseFailed(ErrorHandler.java:158)
	at org.openqa.selenium.remote.RemoteWebDriver.execute(RemoteWebDriver.java:678)
	at org.openqa.selenium.remote.RemoteWebDriver.startSession(RemoteWebDriver.java:249)
	at org.openqa.selenium.remote.RemoteWebDriver.<init>(RemoteWebDriver.java:131)
	at org.openqa.selenium.remote.RemoteWebDriver.<init>(RemoteWebDriver.java:144)
	at org.openqa.selenium.chrome.ChromeDriver.<init>(ChromeDriver.java:170)
	at org.openqa.selenium.chrome.ChromeDriver.<init>(ChromeDriver.java:138)
	... 40 more
... Removed 38 stack frames]]>
    </failure>
  </testcase> <!-- @BeforeMethod initWebDriver -->
  <testcase name="@BeforeMethod initWebDriver" time="0.0" classname="online.openTree">
    <skipped/>
  </testcase> <!-- @BeforeMethod initWebDriver -->
  <testcase name="@BeforeMethod initWebDriver" time="0.0" classname="online.checkMenu">
    <skipped/>
  </testcase> <!-- @BeforeMethod initWebDriver -->
  <testcase name="@BeforeMethod initWebDriver" time="0.0" classname="online.playButton">
    <skipped/>
  </testcase> <!-- @BeforeMethod initWebDriver -->
  <testcase name="@BeforeMethod initWebDriver" time="0.0" classname="online.checkAddCamera">
    <skipped/>
  </testcase> <!-- @BeforeMethod initWebDriver -->
  <testcase name="@BeforeMethod initWebDriver" time="0.0" classname="online.checkRemoveCamera">
    <skipped/>
  </testcase> <!-- @BeforeMethod initWebDriver -->
  <testcase name="@BeforeMethod initWebDriver" time="0.0" classname="online.checkRenameCamera">
    <skipped/>
  </testcase> <!-- @BeforeMethod initWebDriver -->
  <testcase name="@BeforeMethod initWebDriver" time="0.0" classname="online.scale">
    <skipped/>
  </testcase> <!-- @BeforeMethod initWebDriver -->
  <testcase name="@BeforeMethod initWebDriver" time="0.0" classname="online.deleteScreen">
    <skipped/>
  </testcase> <!-- @BeforeMethod initWebDriver -->
  <testcase name="@BeforeMethod initWebDriver" time="0.0" classname="online.logout">
    <skipped/>
  </testcase> <!-- @BeforeMethod initWebDriver -->
  <testcase name="testAccountEntry" time="0.0" classname="online.accountEntry">
    <skipped/>
  </testcase> <!-- testAccountEntry -->
  <testcase name="testOpenTree" time="0.0" classname="online.openTree">
    <skipped/>
  </testcase> <!-- testOpenTree -->
  <testcase name="testCheckMenu" time="0.0" classname="online.checkMenu">
    <skipped/>
  </testcase> <!-- testCheckMenu -->
  <testcase name="testPlayButton" time="0.0" classname="online.playButton">
    <skipped/>
  </testcase> <!-- testPlayButton -->
  <testcase name="testCheckAddCamera" time="0.0" classname="online.checkAddCamera">
    <skipped/>
  </testcase> <!-- testCheckAddCamera -->
  <testcase name="testCheckRemoveCamera" time="0.0" classname="online.checkRemoveCamera">
    <skipped/>
  </testcase> <!-- testCheckRemoveCamera -->
  <testcase name="testCheckRenameCamera" time="0.001" classname="online.checkRenameCamera">
    <skipped/>
  </testcase> <!-- testCheckRenameCamera -->
  <testcase name="testScale" time="0.0" classname="online.scale">
    <skipped/>
  </testcase> <!-- testScale -->
  <testcase name="testDeleteScreen" time="0.0" classname="online.deleteScreen">
    <skipped/>
  </testcase> <!-- testDeleteScreen -->
  <testcase name="testLogout" time="0.0" classname="online.logout">
    <skipped/>
  </testcase> <!-- testLogout -->
</testsuite> <!-- Test4 -->
